# JRE version: Java(TM) SE Runtime Environment (8.0_241-b07) (build 1.8.0_241-b07)
# Java VM: Java HotSpot(TM) 64-Bit Server VM (25.241-b07 mixed mode bsd-amd64 compressed oops)
Heap:
 PSYoungGen      total 749568K, used 78648K [0x000000076ab00000, 0x000000079b480000, 0x00000007c0000000)
  eden space 725504K, 9% used [0x000000076ab00000,0x000000076ef9c9d0,0x0000000796f80000)
  from space 24064K, 34% used [0x0000000799d00000,0x000000079a531910,0x000000079b480000)
  to   space 35328K, 0% used [0x0000000796f80000,0x0000000796f80000,0x0000000799200000)
 ParOldGen       total 157696K, used 39497K [0x00000006c0000000, 0x00000006c9a00000, 0x000000076ab00000)
  object space 157696K, 25% used [0x00000006c0000000,0x00000006c2692580,0x00000006c9a00000)
 Metaspace       used 46892K, capacity 47919K, committed 48256K, reserved 1091584K
  class space    used 6197K, capacity 6420K, committed 6528K, reserved 1048576K
GC Heap History (10 events):
Event: 27.025 GC heap before
{Heap before GC invocations=12 (full 2):
 PSYoungGen      total 411648K, used 404347K [0x000000076ab00000, 0x000000078d300000, 0x00000007c0000000)
  eden space 378368K, 100% used [0x000000076ab00000,0x0000000781c80000,0x0000000781c80000)
  from space 33280K, 78% used [0x0000000781c80000,0x00000007835def68,0x0000000783d00000)
  to   space 34304K, 0% used [0x000000078b180000,0x000000078b180000,0x000000078d300000)
 ParOldGen       total 157696K, used 28396K [0x00000006c0000000, 0x00000006c9a00000, 0x000000076ab00000)
  object space 157696K, 18% used [0x00000006c0000000,0x00000006c1bbb3e8,0x00000006c9a00000)
 Metaspace       used 45757K, capacity 46775K, committed 47104K, reserved 1089536K
  class space    used 6101K, capacity 6320K, committed 6400K, reserved 1048576K
Event: 27.031 GC heap after
Heap after GC invocations=12 (full 2):
 PSYoungGen      total 518656K, used 8252K [0x000000076ab00000, 0x000000078ce00000, 0x00000007c0000000)
  eden space 489472K, 0% used [0x000000076ab00000,0x000000076ab00000,0x0000000788900000)
  from space 29184K, 28% used [0x000000078b180000,0x000000078b98f1d0,0x000000078ce00000)
  to   space 35328K, 0% used [0x0000000788900000,0x0000000788900000,0x000000078ab80000)
 ParOldGen       total 157696K, used 39433K [0x00000006c0000000, 0x00000006c9a00000, 0x000000076ab00000)
  object space 157696K, 25% used [0x00000006c0000000,0x00000006c2682580,0x00000006c9a00000)
 Metaspace       used 45757K, capacity 46775K, committed 47104K, reserved 1089536K
  class space    used 6101K, capacity 6320K, committed 6400K, reserved 1048576K
}
Event: 27.689 GC heap before
{Heap before GC invocations=13 (full 2):
 PSYoungGen      total 518656K, used 497724K [0x000000076ab00000, 0x000000078ce00000, 0x00000007c0000000)
  eden space 489472K, 100% used [0x000000076ab00000,0x0000000788900000,0x0000000788900000)
  from space 29184K, 28% used [0x000000078b180000,0x000000078b98f1d0,0x000000078ce00000)
  to   space 35328K, 0% used [0x0000000788900000,0x0000000788900000,0x000000078ab80000)
 ParOldGen       total 157696K, used 39433K [0x00000006c0000000, 0x00000006c9a00000, 0x000000076ab00000)
  object space 157696K, 25% used [0x00000006c0000000,0x00000006c2682580,0x00000006c9a00000)
 Metaspace       used 46106K, capacity 47101K, committed 47360K, reserved 1089536K
  class space    used 6108K, capacity 6321K, committed 6400K, reserved 1048576K
Event: 27.693 GC heap after
Heap after GC invocations=13 (full 2):
 PSYoungGen      total 524800K, used 7967K [0x000000076ab00000, 0x0000000794d00000, 0x00000007c0000000)
  eden space 489472K, 0% used [0x000000076ab00000,0x000000076ab00000,0x0000000788900000)
  from space 35328K, 22% used [0x0000000788900000,0x00000007890c7c80,0x000000078ab80000)
  to   space 35840K, 0% used [0x0000000792a00000,0x0000000792a00000,0x0000000794d00000)
 ParOldGen       total 157696K, used 39473K [0x00000006c0000000, 0x00000006c9a00000, 0x000000076ab00000)
  object space 157696K, 25% used [0x00000006c0000000,0x00000006c268c580,0x00000006c9a00000)
 Metaspace       used 46106K, capacity 47101K, committed 47360K, reserved 1089536K
  class space    used 6108K, capacity 6321K, committed 6400K, reserved 1048576K
}
Event: 28.307 GC heap before
{Heap before GC invocations=14 (full 2):
 PSYoungGen      total 524800K, used 497439K [0x000000076ab00000, 0x0000000794d00000, 0x00000007c0000000)
  eden space 489472K, 100% used [0x000000076ab00000,0x0000000788900000,0x0000000788900000)
  from space 35328K, 22% used [0x0000000788900000,0x00000007890c7c80,0x000000078ab80000)
  to   space 35840K, 0% used [0x0000000792a00000,0x0000000792a00000,0x0000000794d00000)
 ParOldGen       total 157696K, used 39473K [0x00000006c0000000, 0x00000006c9a00000, 0x000000076ab00000)
  object space 157696K, 25% used [0x00000006c0000000,0x00000006c268c580,0x00000006c9a00000)
 Metaspace       used 46371K, capacity 47325K, committed 47616K, reserved 1091584K
  class space    used 6137K, capacity 6353K, committed 6400K, reserved 1048576K
Event: 28.312 GC heap after
Heap after GC invocations=14 (full 2):
 PSYoungGen      total 631808K, used 8460K [0x000000076ab00000, 0x0000000794200000, 0x00000007c0000000)
  eden space 607232K, 0% used [0x000000076ab00000,0x000000076ab00000,0x000000078fc00000)
  from space 24576K, 34% used [0x0000000792a00000,0x0000000793243168,0x0000000794200000)
  to   space 35840K, 0% used [0x000000078fc00000,0x000000078fc00000,0x0000000791f00000)
 ParOldGen       total 157696K, used 39481K [0x00000006c0000000, 0x00000006c9a00000, 0x000000076ab00000)
  object space 157696K, 25% used [0x00000006c0000000,0x00000006c268e580,0x00000006c9a00000)
 Metaspace       used 46371K, capacity 47325K, committed 47616K, reserved 1091584K
  class space    used 6137K, capacity 6353K, committed 6400K, reserved 1048576K
}
Event: 29.106 GC heap before
{Heap before GC invocations=15 (full 2):
 PSYoungGen      total 631808K, used 615692K [0x000000076ab00000, 0x0000000794200000, 0x00000007c0000000)
  eden space 607232K, 100% used [0x000000076ab00000,0x000000078fc00000,0x000000078fc00000)
  from space 24576K, 34% used [0x0000000792a00000,0x0000000793243168,0x0000000794200000)
  to   space 35840K, 0% used [0x000000078fc00000,0x000000078fc00000,0x0000000791f00000)
 ParOldGen       total 157696K, used 39481K [0x00000006c0000000, 0x00000006c9a00000, 0x000000076ab00000)
  object space 157696K, 25% used [0x00000006c0000000,0x00000006c268e580,0x00000006c9a00000)
 Metaspace       used 46761K, capacity 47727K, committed 48000K, reserved 1091584K
  class space    used 6183K, capacity 6420K, committed 6528K, reserved 1048576K
Event: 29.110 GC heap after
Heap after GC invocations=15 (full 2):
 PSYoungGen      total 643072K, used 8177K [0x000000076ab00000, 0x000000079bf80000, 0x00000007c0000000)
  eden space 607232K, 0% used [0x000000076ab00000,0x000000076ab00000,0x000000078fc00000)
  from space 35840K, 22% used [0x000000078fc00000,0x00000007903fc400,0x0000000791f00000)
  to   space 35328K, 0% used [0x0000000799d00000,0x0000000799d00000,0x000000079bf80000)
 ParOldGen       total 157696K, used 39489K [0x00000006c0000000, 0x00000006c9a00000, 0x000000076ab00000)
  object space 157696K, 25% used [0x00000006c0000000,0x00000006c2690580,0x00000006c9a00000)
 Metaspace       used 46761K, capacity 47727K, committed 48000K, reserved 1091584K
  class space    used 6183K, capacity 6420K, committed 6528K, reserved 1048576K
}
Event: 29.836 GC heap before
{Heap before GC invocations=16 (full 2):
 PSYoungGen      total 643072K, used 615409K [0x000000076ab00000, 0x000000079bf80000, 0x00000007c0000000)
  eden space 607232K, 100% used [0x000000076ab00000,0x000000078fc00000,0x000000078fc00000)
  from space 35840K, 22% used [0x000000078fc00000,0x00000007903fc400,0x0000000791f00000)
  to   space 35328K, 0% used [0x0000000799d00000,0x0000000799d00000,0x000000079bf80000)
 ParOldGen       total 157696K, used 39489K [0x00000006c0000000, 0x00000006c9a00000, 0x000000076ab00000)
  object space 157696K, 25% used [0x00000006c0000000,0x00000006c2690580,0x00000006c9a00000)
 Metaspace       used 46891K, capacity 47919K, committed 48256K, reserved 1091584K
  class space    used 6197K, capacity 6420K, committed 6528K, reserved 1048576K
Event: 29.840 GC heap after
Heap after GC invocations=16 (full 2):
 PSYoungGen      total 749568K, used 8390K [0x000000076ab00000, 0x000000079b480000, 0x00000007c0000000)
  eden space 725504K, 0% used [0x000000076ab00000,0x000000076ab00000,0x0000000796f80000)
  from space 24064K, 34% used [0x0000000799d00000,0x000000079a531910,0x000000079b480000)
  to   space 35328K, 0% used [0x0000000796f80000,0x0000000796f80000,0x0000000799200000)
 ParOldGen       total 157696K, used 39497K [0x00000006c0000000, 0x00000006c9a00000, 0x000000076ab00000)
  object space 157696K, 25% used [0x00000006c0000000,0x00000006c2692580,0x00000006c9a00000)
 Metaspace       used 46891K, capacity 47919K, committed 48256K, reserved 1091584K
  class space    used 6197K, capacity 6420K, committed 6528K, reserved 1048576K
}

